Server is listening on port: 8000
Connected!
npm ERR! code ENOENT
npm ERR! syscall open
npm ERR! path /home/iurii/darcia4/dummy-backend/package.json
npm ERR! errno -2
npm ERR! enoent ENOENT: no such file or directory, open '/home/iurii/darcia4/dummy-backend/package.json'
npm ERR! enoent This is related to npm not being able to find a file.
npm ERR! enoent 

npm ERR! A complete log of this run can be found in:
npm ERR!     /home/iurii/.npm/_logs/2022-10-10T19_15_51_116Z-debug.log
Server is listening on port: 8000
Connected!
Server is listening on port: 8000
Connected!
events.js:174
      throw er; // Unhandled 'error' event
      ^

Error: listen EADDRINUSE: address already in use :::8000
    at Server.setupListenHandle [as _listen2] (net.js:1280:14)
    at listenInCluster (net.js:1328:12)
    at Server.listen (net.js:1415:7)
    at main (/home/iurii/zavdannya/Backend/server.js:44:9)
    at Object.<anonymous> (/home/iurii/zavdannya/Backend/server.js:47:1)
    at Module._compile (internal/modules/cjs/loader.js:778:30)
    at Object.Module._extensions..js (internal/modules/cjs/loader.js:789:10)
    at Module.load (internal/modules/cjs/loader.js:653:32)
    at tryModuleLoad (internal/modules/cjs/loader.js:593:12)
    at Function.Module._load (internal/modules/cjs/loader.js:585:3)
Emitted 'error' event at:
    at emitErrorNT (net.js:1307:8)
    at process._tickCallback (internal/process/next_tick.js:63:19)
    at Function.Module.runMain (internal/modules/cjs/loader.js:834:11)
    at startup (internal/bootstrap/node.js:283:19)
    at bootstrapNodeJSCore (internal/bootstrap/node.js:623:3)
